<?xml version="1.0" encoding="UTF-8"?>
<!-- Generated by org.testng.reporters.JUnitReportReporter -->
<testsuite hostname="Jyotsnas-MacBook-Air.local" failures="0" tests="1" name="Package_Integration.TC_01" time="8.607" errors="0" timestamp="2022-01-20T02:18:14 IST" skipped="0">
  <testcase classname="Package_Integration.TC_01" name="test_01" time="8.607"/>
  <system-out/>
</testsuite> <!-- Package_Integration.TC_01 -->
